<?xml version="1.0" encoding="UTF-8"?>
<!-- Generated by org.testng.reporters.JUnitReportReporter -->
<testsuite hostname="DESKTOP-JRB9RB4" failures="0" tests="1" name="PapaJohnPageObjectModel.Order" time="19.662" errors="0" timestamp="2021-12-14T18:34:00 EST" skipped="0">
  <testcase classname="PapaJohnPageObjectModel.Order" name="f" time="19.662"/>
  <system-out/>
</testsuite> <!-- PapaJohnPageObjectModel.Order -->
