<?xml version="1.0" encoding="UTF-8"?>
<!-- Generated by org.testng.reporters.JUnitReportReporter -->
<testsuite hostname="DESKTOP-JRB9RB4" failures="0" tests="3" name="PeopleNTech.Automationtraining.NewTestAnnotations" time="0.023" errors="0" timestamp="2021-12-08T19:31:38 EST" skipped="0">
  <testcase classname="PeopleNTech.Automationtraining.NewTestAnnotations" name="f" time="0.010"/>
  <system-out/>
  <testcase classname="PeopleNTech.Automationtraining.NewTestAnnotations" name="f2" time="0.007"/>
  <system-out/>
  <testcase classname="PeopleNTech.Automationtraining.NewTestAnnotations" name="f1" time="0.006"/>
  <system-out/>
</testsuite> <!-- PeopleNTech.Automationtraining.NewTestAnnotations -->
