<?xml version="1.0" encoding="UTF-8"?>
<!-- Generated by org.testng.reporters.JUnitReportReporter -->
<testsuite hostname="DESKTOP-JRB9RB4" failures="0" tests="2" name="PeopleNTech.Automationtraining.SignInAmazon" time="51.729" errors="0" timestamp="2021-12-15T21:33:39 EST" skipped="0">
  <testcase classname="PeopleNTech.Automationtraining.SignInAmazon" name="f" time="25.064"/>
  <system-out/>
  <testcase classname="PeopleNTech.Automationtraining.SignInAmazon" name="verificationofText" time="26.665"/>
  <system-out/>
</testsuite> <!-- PeopleNTech.Automationtraining.SignInAmazon -->
