<?xml version="1.0" encoding="UTF-8"?>
<!-- Generated by org.testng.reporters.JUnitReportReporter -->
<testsuite hostname="DESKTOP-JRB9RB4" failures="0" tests="1" name="FaceBookPageObjectModel.SignUp" time="14.820" errors="0" timestamp="2021-12-14T17:48:20 EST" skipped="0">
  <testcase classname="FaceBookPageObjectModel.SignUp" name="f" time="14.820"/>
  <system-out/>
</testsuite> <!-- FaceBookPageObjectModel.SignUp -->
